 DIAGNOSTICS.OUT FILE
         903 aqu                1   68307.30       68307.30              21 ru                 1         838   1.000000       481.9500       481.9500     ru                 2         839   1.000000       2083.320       2083.320     ru                 3         840   1.000000       3244.050       3244.050     ru                 4         841   1.000000       5307.120       5307.120     ru                11         848   1.000000       3065.040       3065.040     ru                12         849   1.000000       2472.120       2472.120     ru                13         850   1.000000       1437.750       1437.750     ru                14         851   1.000000       4963.680       4963.680     ru                15         852   1.000000       711.9900       711.9900     ru                16         853   1.000000       567.8100       567.8100     ru                17         854   1.000000       753.3000       753.3000     ru                18         855   1.000000       3717.090       3717.090     ru                19         856   1.000000       2569.320       2569.320     ru                20         857   1.000000       10240.83       10240.83     ru                21         858   1.000000       3971.430       3971.430     ru                22         859   1.000000       1040.850       1040.850     ru                25         862   1.000000       6732.720       6732.720     ru                26         863   1.000000       3380.940       3380.940     ru                27         864   1.000000       3015.630       3015.630     ru                28         865   1.000000       4605.660       4605.660     ru                29         866   1.000000       3944.700       3944.700    
         904 aqu                2   6697.080       6697.080               5 ru                 6         843   1.000000       642.3300       642.3300     ru                 7         844   1.000000       4.050000       4.050000     ru                 8         845   1.000000       407.4300       407.4300     ru                23         860   1.000000       2279.340       2279.340     ru                24         861   1.000000       3363.930       3363.930    
         905 aqu                3   3333.150       3333.150               1 ru                 5         842   1.000000       3333.150       3333.150    
         906 aqu                4   58559.76       58559.76              15 ru                 9         846   1.000000       6161.670       6161.670     ru                30         867   1.000000       3373.650       3373.650     ru                31         868   1.000000       149.8500       149.8500     ru                32         869   1.000000       771.9300       771.9300     ru                33         870   1.000000       3802.140       3802.140     ru                36         873   1.000000       7227.630       7227.630     ru                39         876   1.000000       4931.280       4931.280     ru                40         877   1.000000       1357.560       1357.560     ru                41         878   1.000000       12706.47       12706.47     ru                43         880   1.000000       3102.300       3102.300     ru                44         881   1.000000       2016.090       2016.090     ru                45         882   1.000000       3103.110       3103.110     ru                47         884   1.000000       6385.230       6385.230     ru                48         885   1.000000       660.1500       660.1500     ru                60         897   1.000000       2810.700       2810.700    
         907 aqu                5   23509.44       23509.44               7 ru                10         847   1.000000       2992.140       2992.140     ru                34         871   1.000000       1816.830       1816.830     ru                35         872   1.000000       829.4400       829.4400     ru                37         874   1.000000       9038.790       9038.790     ru                38         875   1.000000       3743.010       3743.010     ru                42         879   1.000000       2950.020       2950.020     ru                46         883   1.000000       2139.210       2139.210    
         908 aqu                6   27834.03       27834.03               7 ru                53         890   1.000000       4347.270       4347.270     ru                54         891   1.000000       1543.050       1543.050     ru                55         892   1.000000       724.1400       724.1400     ru                57         894   1.000000       3647.430       3647.430     ru                58         895   1.000000       4925.610       4925.610     ru                59         896   1.000000       5748.570       5748.570     ru                61         898   1.000000       6897.960       6897.960    
         909 aqu                7   29383.56       29383.56               9 ru                49         886   1.000000       2318.220       2318.220     ru                50         887   1.000000       3155.760       3155.760     ru                51         888   1.000000       5210.730       5210.730     ru                52         889   1.000000       3666.870       3666.870     ru                56         893   1.000000       1997.460       1997.460     ru                62         899   1.000000       1550.340       1550.340     ru                63         900   1.000000       3410.910       3410.910     ru                64         901   1.000000       5836.050       5836.050     ru                65         902   1.000000       2237.220       2237.220    
         910 aqu                8   217624.3      0.0000000E+00           7 aqu                1         903   1.000000       68307.30       68307.30     aqu                2         904   1.000000       6697.080       6697.080     aqu                3         905   1.000000       3333.150       3333.150     aqu                4         906   1.000000       58559.76       58559.76     aqu                5         907   1.000000       23509.44       23509.44     aqu                6         908   1.000000       27834.03       27834.03     aqu                7         909   1.000000       29383.56       29383.56    
         911 chandeg            1   7872.391       7872.390               3 ru                 1         838   1.000000       481.9500       481.9500     chandeg            2         912   1.000000       2083.320       2083.320     chandeg            4         914   1.000000       5307.120       5307.120    
         912 chandeg            2   2083.320       2083.320               1 ru                 2         839   1.000000       2083.320       2083.320    
         913 chandeg            3   3244.050       3244.050               1 ru                 3         840   1.000000       3244.050       3244.050    
         914 chandeg            4   5307.120       5307.120               1 ru                 4         841   1.000000       5307.120       5307.120    
         915 chandeg            5   217622.7       217624.3               4 ru                 5         842   1.000000       3333.150       3333.150     aqu                3         905   1.000000       3333.150       3333.150     chandeg            6         916   1.000000       190781.7       190781.7     chandeg           10         920   1.000000       23509.44       23509.44    
         916 chandeg            6   190781.7       190781.7               4 ru                 6         843   1.000000       642.3300       642.3300     aqu                2         904   1.000000       6697.080       6697.080     chandeg            7         917   1.000000       186775.5       186775.5     chandeg           24         934   1.000000       3363.930       3363.930    
         917 chandeg            7   186775.5       186775.5               3 ru                 7         844   1.000000       4.050000       4.050000     chandeg            8         918   1.000000       184492.1       184492.1     chandeg           23         933   1.000000       2279.340       2279.340    
         918 chandeg            8   184492.1       184492.1               3 ru                 8         845   1.000000       407.4300       407.4300     chandeg            9         919   1.000000       115777.3       115777.4     chandeg           11         921   1.000000       68307.30       68307.30    
         919 chandeg            9   115777.3       115777.4               4 ru                 9         846   1.000000       6161.670       6161.670     aqu                4         906   1.000000       58559.76       58559.76     chandeg           30         940   1.000000       107599.6       107599.6     chandeg           44         954   1.000000       2016.090       2016.090    
         920 chandeg           10   23509.44       23509.44               4 ru                10         847   1.000000       2992.140       2992.140     aqu                5         907   1.000000       23509.44       23509.44     chandeg           34         944   1.000000       18378.09       18378.09     chandeg           46         956   1.000000       2139.210       2139.210    
         921 chandeg           11   68307.30       68307.30               4 ru                11         848   1.000000       3065.040       3065.040     aqu                1         903   1.000000       68307.30       68307.30     chandeg           12         922   1.000000       57241.08       57241.08     chandeg           22         932   1.000000       8001.180       8001.180    
         922 chandeg           12   57241.08       57241.08               3 ru                12         849   1.000000       2472.120       2472.120     chandeg           13         923   1.000000       51388.02       51388.02     chandeg           26         936   1.000000       3380.940       3380.940    
         923 chandeg           13   51388.02       51388.02               3 ru                13         850   1.000000       1437.750       1437.750     chandeg           14         924   1.000000       46233.18       46233.18     chandeg           18         928   1.000000       3717.090       3717.090    
         924 chandeg           14   46233.18       46233.18               3 ru                14         851   1.000000       4963.680       4963.680     chandeg           15         925   1.000000       34536.78       34536.78     chandeg           25         935   1.000000       6732.720       6732.720    
         925 chandeg           15   34536.78       34536.78               3 ru                15         852   1.000000       711.9900       711.9900     chandeg           16         926   1.000000       23583.96       23583.96     chandeg           20         930   1.000000       10240.83       10240.83    
         926 chandeg           16   23583.96       23583.96               3 ru                16         853   1.000000       567.8100       567.8100     chandeg           17         927   1.000000       18410.49       18410.49     chandeg           28         938   1.000000       4605.660       4605.660    
         927 chandeg           17   18410.49       18410.49               3 ru                17         854   1.000000       753.3000       753.3000     chandeg           19         929   1.000000       13685.76       13685.76     chandeg           21         931   1.000000       3971.430       3971.430    
         928 chandeg           18   3717.090       3717.090               1 ru                18         855   1.000000       3717.090       3717.090    
         929 chandeg           19   13685.76       13685.76               3 ru                19         856   1.000000       2569.320       2569.320     chandeg            1         911   1.000000       7872.391       7872.390     chandeg            3         913   1.000000       3244.050       3244.050    
         930 chandeg           20   10240.83       10240.83               1 ru                20         857   1.000000       10240.83       10240.83    
         931 chandeg           21   3971.430       3971.430               1 ru                21         858   1.000000       3971.430       3971.430    
         932 chandeg           22   8001.180       8001.180               3 ru                22         859   1.000000       1040.850       1040.850     chandeg           27         937   1.000000       3015.630       3015.630     chandeg           29         939   1.000000       3944.700       3944.700    
         933 chandeg           23   2279.340       2279.340               1 ru                23         860   1.000000       2279.340       2279.340    
         934 chandeg           24   3363.930       3363.930               1 ru                24         861   1.000000       3363.930       3363.930    
         935 chandeg           25   6732.720       6732.720               1 ru                25         862   1.000000       6732.720       6732.720    
         936 chandeg           26   3380.940       3380.940               1 ru                26         863   1.000000       3380.940       3380.940    
         937 chandeg           27   3015.630       3015.630               1 ru                27         864   1.000000       3015.630       3015.630    
         938 chandeg           28   4605.660       4605.660               1 ru                28         865   1.000000       4605.660       4605.660    
         939 chandeg           29   3944.700       3944.700               1 ru                29         866   1.000000       3944.700       3944.700    
         940 chandeg           30   107599.6       107599.6               3 ru                30         867   1.000000       3373.650       3373.650     chandeg           31         941   1.000000       85346.46       85346.46     chandeg           39         949   1.000000       18879.48       18879.48    
         941 chandeg           31   85346.46       85346.46               3 ru                31         868   1.000000       149.8500       149.8500     chandeg           32         942   1.000000       72490.14       72490.14     chandeg           41         951   1.000000       12706.47       12706.47    
         942 chandeg           32   72490.14       72490.14               3 ru                32         869   1.000000       771.9300       771.9300     chandeg           33         943   1.000000       64490.58       64490.58     chandeg           36         946   1.000000       7227.630       7227.630    
         943 chandeg           33   64490.58       64490.58               3 ru                33         870   1.000000       3802.140       3802.140     chandeg           48         958   1.000000       57877.74       57877.74     chandeg           60         970   1.000000       2810.700       2810.700    
         944 chandeg           34   18378.09       18378.09               3 ru                34         871   1.000000       1816.830       1816.830     chandeg           35         945   1.000000       13611.24       13611.24     chandeg           42         952   1.000000       2950.020       2950.020    
         945 chandeg           35   13611.24       13611.24               3 ru                35         872   1.000000       829.4400       829.4400     chandeg           37         947   1.000000       9038.790       9038.790     chandeg           38         948   1.000000       3743.010       3743.010    
         946 chandeg           36   7227.630       7227.630               1 ru                36         873   1.000000       7227.630       7227.630    
         947 chandeg           37   9038.790       9038.790               1 ru                37         874   1.000000       9038.790       9038.790    
         948 chandeg           38   3743.010       3743.010               1 ru                38         875   1.000000       3743.010       3743.010    
         949 chandeg           39   18879.48       18879.48               3 ru                39         876   1.000000       4931.280       4931.280     chandeg           40         950   1.000000       10845.09       10845.09     chandeg           45         955   1.000000       3103.110       3103.110    
         950 chandeg           40   10845.09       10845.09               3 ru                40         877   1.000000       1357.560       1357.560     chandeg           43         953   1.000000       3102.300       3102.300     chandeg           47         957   1.000000       6385.230       6385.230    
         951 chandeg           41   12706.47       12706.47               1 ru                41         878   1.000000       12706.47       12706.47    
         952 chandeg           42   2950.020       2950.020               1 ru                42         879   1.000000       2950.020       2950.020    
         953 chandeg           43   3102.300       3102.300               1 ru                43         880   1.000000       3102.300       3102.300    
         954 chandeg           44   2016.090       2016.090               1 ru                44         881   1.000000       2016.090       2016.090    
         955 chandeg           45   3103.110       3103.110               1 ru                45         882   1.000000       3103.110       3103.110    
         956 chandeg           46   2139.210       2139.210               1 ru                46         883   1.000000       2139.210       2139.210    
         957 chandeg           47   6385.230       6385.230               1 ru                47         884   1.000000       6385.230       6385.230    
         958 chandeg           48   57877.74       57877.74               3 ru                48         885   1.000000       660.1500       660.1500     chandeg           49         959   1.000000       29383.56       29383.56     chandeg           53         963   1.000000       27834.03       27834.03    
         959 chandeg           49   29383.56       29383.56               4 ru                49         886   1.000000       2318.220       2318.220     aqu                7         909   1.000000       29383.56       29383.56     chandeg           50         960   1.000000       25067.88       25067.88     chandeg           56         966   1.000000       1997.460       1997.460    
         960 chandeg           50   25067.88       25067.88               3 ru                50         887   1.000000       3155.760       3155.760     chandeg           51         961   1.000000       18245.25       18245.25     chandeg           52         962   1.000000       3666.870       3666.870    
         961 chandeg           51   18245.25       18245.25               3 ru                51         888   1.000000       5210.730       5210.730     chandeg           62         972   1.000000       10797.30       10797.30     chandeg           65         975   1.000000       2237.220       2237.220    
         962 chandeg           52   3666.870       3666.870               1 ru                52         889   1.000000       3666.870       3666.870    
         963 chandeg           53   27834.03       27834.03               4 ru                53         890   1.000000       4347.270       4347.270     aqu                6         908   1.000000       27834.03       27834.03     chandeg           54         964   1.000000       19839.33       19839.33     chandeg           57         967   1.000000       3647.430       3647.430    
         964 chandeg           54   19839.33       19839.33               3 ru                54         891   1.000000       1543.050       1543.050     chandeg           55         965   1.000000       13370.67       13370.67     chandeg           58         968   1.000000       4925.610       4925.610    
         965 chandeg           55   13370.67       13370.67               3 ru                55         892   1.000000       724.1400       724.1400     chandeg           59         969   1.000000       5748.570       5748.570     chandeg           61         971   1.000000       6897.960       6897.960    
         966 chandeg           56   1997.460       1997.460               1 ru                56         893   1.000000       1997.460       1997.460    
         967 chandeg           57   3647.430       3647.430               1 ru                57         894   1.000000       3647.430       3647.430    
         968 chandeg           58   4925.610       4925.610               1 ru                58         895   1.000000       4925.610       4925.610    
         969 chandeg           59   5748.570       5748.570               1 ru                59         896   1.000000       5748.570       5748.570    
         970 chandeg           60   2810.700       2810.700               1 ru                60         897   1.000000       2810.700       2810.700    
         971 chandeg           61   6897.960       6897.960               1 ru                61         898   1.000000       6897.960       6897.960    
         972 chandeg           62   10797.30       10797.30               3 ru                62         899   1.000000       1550.340       1550.340     chandeg           63         973   1.000000       3410.910       3410.910     chandeg           64         974   1.000000       5836.050       5836.050    
         973 chandeg           63   3410.910       3410.910               1 ru                63         900   1.000000       3410.910       3410.910    
         974 chandeg           64   5836.050       5836.050               1 ru                64         901   1.000000       5836.050       5836.050    
         975 chandeg           65   2237.220       2237.220               1 ru                65         902   1.000000       2237.220       2237.220    
